<?xml version="1.0" encoding="UTF-8"?>
<testng-results skipped="0" failed="0" ignored="0" total="1" passed="1">
  <reporter-output>
    <line>
      <![CDATA[HomePage displayed succesfully!!!!]]>
    </line>
    <line>
      <![CDATA[HomePage displayed succesfully!!!!]]>
    </line>
  </reporter-output>
  <suite name="Default suite" duration-ms="68070" started-at="2018-10-16T08:35:37Z" finished-at="2018-10-16T08:36:45Z">
    <groups>
    </groups>
    <test name="Default test" duration-ms="68070" started-at="2018-10-16T08:35:37Z" finished-at="2018-10-16T08:36:45Z">
      <class name="scripts.Search">
        <test-method status="PASS" signature="OpenApplication()[pri:0, instance:scripts.Search@52feb982]" name="OpenApplication" is-config="true" duration-ms="22283" started-at="2018-10-16T08:35:37Z" finished-at="2018-10-16T08:35:59Z">
          <reporter-output>
          </reporter-output>
        </test-method> <!-- OpenApplication -->
        <test-method status="PASS" signature="SearchProduct()[pri:0, instance:scripts.Search@52feb982]" name="SearchProduct" duration-ms="45764" started-at="2018-10-16T08:35:59Z" finished-at="2018-10-16T08:36:45Z">
          <reporter-output>
            <line>
              <![CDATA[HomePage displayed succesfully!!!!]]>
            </line>
            <line>
              <![CDATA[HomePage displayed succesfully!!!!]]>
            </line>
          </reporter-output>
        </test-method> <!-- SearchProduct -->
        <test-method status="PASS" signature="CloseApplication()[pri:0, instance:scripts.Search@52feb982]" name="CloseApplication" is-config="true" duration-ms="0" started-at="2018-10-16T08:36:45Z" finished-at="2018-10-16T08:36:45Z">
          <reporter-output>
          </reporter-output>
        </test-method> <!-- CloseApplication -->
      </class> <!-- scripts.Search -->
    </test> <!-- Default test -->
  </suite> <!-- Default suite -->
</testng-results>
