<?xml version="1.0" encoding="UTF-8"?>
<testng-results skipped="0" failed="0" ignored="0" total="1" passed="1">
  <reporter-output>
    <line>
      <![CDATA[HomePage displayed succesfully!!!!]]>
    </line>
    <line>
      <![CDATA[HomePage displayed succesfully!!!!]]>
    </line>
  </reporter-output>
  <suite name="Default suite" duration-ms="62768" started-at="2018-10-15T09:20:59Z" finished-at="2018-10-15T09:22:02Z">
    <groups>
    </groups>
    <test name="Default test" duration-ms="62768" started-at="2018-10-15T09:20:59Z" finished-at="2018-10-15T09:22:02Z">
      <class name="scripts.TestAddToCart">
        <test-method status="PASS" signature="OpenApplication()[pri:0, instance:scripts.TestAddToCart@52feb982]" name="OpenApplication" is-config="true" duration-ms="18602" started-at="2018-10-15T09:20:59Z" finished-at="2018-10-15T09:21:18Z">
          <reporter-output>
          </reporter-output>
        </test-method> <!-- OpenApplication -->
        <test-method status="PASS" signature="TestAddtoCart()[pri:0, instance:scripts.TestAddToCart@52feb982]" name="TestAddtoCart" duration-ms="44148" started-at="2018-10-15T09:21:18Z" finished-at="2018-10-15T09:22:02Z">
          <reporter-output>
            <line>
              <![CDATA[HomePage displayed succesfully!!!!]]>
            </line>
            <line>
              <![CDATA[HomePage displayed succesfully!!!!]]>
            </line>
          </reporter-output>
        </test-method> <!-- TestAddtoCart -->
        <test-method status="PASS" signature="CloseApplication()[pri:0, instance:scripts.TestAddToCart@52feb982]" name="CloseApplication" is-config="true" duration-ms="0" started-at="2018-10-15T09:22:02Z" finished-at="2018-10-15T09:22:02Z">
          <reporter-output>
          </reporter-output>
        </test-method> <!-- CloseApplication -->
      </class> <!-- scripts.TestAddToCart -->
    </test> <!-- Default test -->
  </suite> <!-- Default suite -->
</testng-results>
